c:\github_projects\d3d12book\mydemolearn\mydemolearn\release\vc142.pdb
c:\github_projects\d3d12book\mydemolearn\mydemolearn\release\mathhelper.obj
c:\github_projects\d3d12book\mydemolearn\mydemolearn\release\geometrygenerator.obj
c:\github_projects\d3d12book\mydemolearn\mydemolearn\release\gametimer.obj
c:\github_projects\d3d12book\mydemolearn\mydemolearn\release\ddstextureloader.obj
c:\github_projects\d3d12book\mydemolearn\mydemolearn\release\d3dutil.obj
c:\github_projects\d3d12book\mydemolearn\mydemolearn\release\d3dapp.obj
c:\github_projects\d3d12book\mydemolearn\mydemolearn\release\camera.obj
c:\github_projects\d3d12book\mydemo\mydemolearn\mydemolearn\release\vc142.pdb
c:\github_projects\d3d12book\mydemo\mydemolearn\mydemolearn\release\mathhelper.obj
c:\github_projects\d3d12book\mydemo\mydemolearn\mydemolearn\release\geometrygenerator.obj
c:\github_projects\d3d12book\mydemo\mydemolearn\mydemolearn\release\gametimer.obj
c:\github_projects\d3d12book\mydemo\mydemolearn\mydemolearn\release\ddstextureloader.obj
c:\github_projects\d3d12book\mydemo\mydemolearn\mydemolearn\release\d3dutil.obj
c:\github_projects\d3d12book\mydemo\mydemolearn\mydemolearn\release\d3dapp.obj
c:\github_projects\d3d12book\mydemo\mydemolearn\mydemolearn\release\camera.obj
c:\github_projects\d3d12book\mydemo\mydemolearn\mydemolearn\release\boxapp.obj
c:\github_projects\d3d12book\mydemo\mydemolearn\mydemolearn\release\mydemolearn.tlog\cl.command.1.tlog
c:\github_projects\d3d12book\mydemo\mydemolearn\mydemolearn\release\mydemolearn.tlog\cl.read.1.tlog
c:\github_projects\d3d12book\mydemo\mydemolearn\mydemolearn\release\mydemolearn.tlog\cl.write.1.tlog
c:\github_projects\d3d12book\mydemo\mydemolearn\mydemolearn\release\mydemolearn.tlog\link.command.1.tlog
c:\github_projects\d3d12book\mydemo\mydemolearn\mydemolearn\release\mydemolearn.tlog\link.read.1.tlog
c:\github_projects\d3d12book\mydemo\mydemolearn\mydemolearn\release\mydemolearn.tlog\link.write.1.tlog
